<?xml version="1.0" encoding="UTF-8"?>
<!-- Generated by org.testng.reporters.JUnitReportReporter -->
<testsuite hostname="DESKTOP-C6M5A7U" failures="0" tests="3" name="com.test.CodeTest" time="0.016" errors="0" timestamp="2022-12-19T17:21:52 IST" skipped="0">
  <testcase classname="com.test.CodeTest" name="test2" time="0.001"/>
  <system-out/>
  <testcase classname="com.test.CodeTest" name="launch" time="0.013"/>
  <system-out/>
  <testcase classname="com.test.CodeTest" name="test1" time="0.002"/>
  <system-out/>
</testsuite> <!-- com.test.CodeTest -->
