<?xml version="1.0" encoding="UTF-8"?>
<!-- Generated by org.testng.reporters.JUnitReportReporter -->
<testsuite hostname="DESKTOP-C6M5A7U" failures="0" tests="1" name="com.test.TestNG_Code" time="0.002" errors="0" timestamp="2022-12-19T15:52:13 IST" skipped="0">
  <testcase classname="com.test.TestNG_Code" name="drivetest" time="0.002"/>
  <system-out/>
</testsuite> <!-- com.test.TestNG_Code -->
